Analysis & Synthesis report for VgaDma
Mon Nov 04 22:12:13 2024
Quartus II 32-bit Version 13.0.1 Build 232 06/12/2013 Service Pack 1 SJ Web Edition


---------------------
; Table of Contents ;
---------------------
  1. Legal Notice
  2. Analysis & Synthesis Summary
  3. Analysis & Synthesis Settings
  4. Analysis & Synthesis Source Files Read
  5. Analysis & Synthesis Resource Usage Summary
  6. Analysis & Synthesis Resource Utilization by Entity
  7. Parameter Settings for Inferred Entity Instance: lpm_counter:reg_y_cnt_rtl_0
  8. Parameter Settings for Inferred Entity Instance: lpm_counter:reg_x_cnt_rtl_0
  9. Parameter Settings for Inferred Entity Instance: lpm_add_sub:Add1
 10. Parameter Settings for Inferred Entity Instance: lpm_add_sub:Add0
 11. Parameter Settings for Inferred Entity Instance: lpm_add_sub:Add3
 12. Parameter Settings for Inferred Entity Instance: lpm_add_sub:Add5
 13. Analysis & Synthesis Messages
 14. Analysis & Synthesis Suppressed Messages



----------------
; Legal Notice ;
----------------
Copyright (C) 1991-2013 Altera Corporation
Your use of Altera Corporation's design tools, logic functions 
and other software and tools, and its AMPP partner logic 
functions, and any output files from any of the foregoing 
(including device programming or simulation files), and any 
associated documentation or information are expressly subject 
to the terms and conditions of the Altera Program License 
Subscription Agreement, Altera MegaCore Function License 
Agreement, or other applicable license agreement, including, 
without limitation, that your use is for the sole purpose of 
programming logic devices manufactured by Altera and sold by 
Altera or its authorized distributors.  Please refer to the 
applicable agreement for further details.



+-------------------------------------------------------------------------------+
; Analysis & Synthesis Summary                                                  ;
+-----------------------------+-------------------------------------------------+
; Analysis & Synthesis Status ; Successful - Mon Nov 04 22:12:13 2024           ;
; Quartus II 32-bit Version   ; 13.0.1 Build 232 06/12/2013 SP 1 SJ Web Edition ;
; Revision Name               ; VgaDma                                          ;
; Top-level Entity Name       ; VgaDma                                          ;
; Family                      ; MAX7000S                                        ;
; Total macrocells            ; 127                                             ;
; Total pins                  ; 56                                              ;
+-----------------------------+-------------------------------------------------+


+--------------------------------------------------------------------------------------------------------------+
; Analysis & Synthesis Settings                                                                                ;
+----------------------------------------------------------------------------+-----------------+---------------+
; Option                                                                     ; Setting         ; Default Value ;
+----------------------------------------------------------------------------+-----------------+---------------+
; Device                                                                     ; EPM7128SLC84-15 ;               ;
; Top-level entity name                                                      ; VgaDma          ; VgaDma        ;
; Family name                                                                ; MAX7000S        ; Cyclone IV GX ;
; Optimization Technique                                                     ; Balanced        ; Speed         ;
; Use smart compilation                                                      ; Off             ; Off           ;
; Enable parallel Assembler and TimeQuest Timing Analyzer during compilation ; On              ; On            ;
; Enable compact report table                                                ; Off             ; Off           ;
; Create Debugging Nodes for IP Cores                                        ; Off             ; Off           ;
; Preserve fewer node names                                                  ; On              ; On            ;
; Disable OpenCore Plus hardware evaluation                                  ; Off             ; Off           ;
; Verilog Version                                                            ; Verilog_2001    ; Verilog_2001  ;
; VHDL Version                                                               ; VHDL_1993       ; VHDL_1993     ;
; State Machine Processing                                                   ; Auto            ; Auto          ;
; Safe State Machine                                                         ; Off             ; Off           ;
; Extract Verilog State Machines                                             ; On              ; On            ;
; Extract VHDL State Machines                                                ; On              ; On            ;
; Ignore Verilog initial constructs                                          ; Off             ; Off           ;
; Iteration limit for constant Verilog loops                                 ; 5000            ; 5000          ;
; Iteration limit for non-constant Verilog loops                             ; 250             ; 250           ;
; Add Pass-Through Logic to Inferred RAMs                                    ; On              ; On            ;
; Infer RAMs from Raw Logic                                                  ; On              ; On            ;
; Parallel Synthesis                                                         ; On              ; On            ;
; NOT Gate Push-Back                                                         ; On              ; On            ;
; Power-Up Don't Care                                                        ; On              ; On            ;
; Remove Duplicate Registers                                                 ; On              ; On            ;
; Ignore CARRY Buffers                                                       ; Off             ; Off           ;
; Ignore CASCADE Buffers                                                     ; Off             ; Off           ;
; Ignore GLOBAL Buffers                                                      ; Off             ; Off           ;
; Ignore ROW GLOBAL Buffers                                                  ; Off             ; Off           ;
; Ignore LCELL Buffers                                                       ; Auto            ; Auto          ;
; Ignore SOFT Buffers                                                        ; Off             ; Off           ;
; Limit AHDL Integers to 32 Bits                                             ; Off             ; Off           ;
; Allow XOR Gate Usage                                                       ; On              ; On            ;
; Auto Logic Cell Insertion                                                  ; On              ; On            ;
; Parallel Expander Chain Length                                             ; 4               ; 4             ;
; Auto Parallel Expanders                                                    ; On              ; On            ;
; Auto Open-Drain Pins                                                       ; On              ; On            ;
; Auto Resource Sharing                                                      ; Off             ; Off           ;
; Maximum Fan-in Per Macrocell                                               ; 100             ; 100           ;
; Use LogicLock Constraints during Resource Balancing                        ; On              ; On            ;
; Ignore translate_off and synthesis_off directives                          ; Off             ; Off           ;
; Report Parameter Settings                                                  ; On              ; On            ;
; Report Source Assignments                                                  ; On              ; On            ;
; Report Connectivity Checks                                                 ; On              ; On            ;
; HDL message level                                                          ; Level2          ; Level2        ;
; Suppress Register Optimization Related Messages                            ; Off             ; Off           ;
; Number of Removed Registers Reported in Synthesis Report                   ; 5000            ; 5000          ;
; Number of Swept Nodes Reported in Synthesis Report                         ; 5000            ; 5000          ;
; Number of Inverted Registers Reported in Synthesis Report                  ; 100             ; 100           ;
; Block Design Naming                                                        ; Auto            ; Auto          ;
; Synthesis Effort                                                           ; Auto            ; Auto          ;
; Shift Register Replacement - Allow Asynchronous Clear Signal               ; On              ; On            ;
; Pre-Mapping Resynthesis Optimization                                       ; Off             ; Off           ;
; Analysis & Synthesis Message Level                                         ; Medium          ; Medium        ;
; Disable Register Merging Across Hierarchies                                ; Auto            ; Auto          ;
; Synthesis Seed                                                             ; 1               ; 1             ;
+----------------------------------------------------------------------------+-----------------+---------------+


+-------------------------------------------------------------------------------------------------------------------------------------------------------------------+
; Analysis & Synthesis Source Files Read                                                                                                                            ;
+----------------------------------+-----------------+------------------------+---------------------------------------------------------------------------+---------+
; File Name with User-Entered Path ; Used in Netlist ; File Type              ; File Name with Absolute Path                                              ; Library ;
+----------------------------------+-----------------+------------------------+---------------------------------------------------------------------------+---------+
; VgaDma.v                         ; yes             ; User Verilog HDL File  ; Z:/quartus/VgaDma/VgaDma.v                                                ;         ;
; lpm_counter.tdf                  ; yes             ; Megafunction           ; c:/altera/13.0sp1/quartus/libraries/megafunctions/lpm_counter.tdf         ;         ;
; lpm_constant.inc                 ; yes             ; Megafunction           ; c:/altera/13.0sp1/quartus/libraries/megafunctions/lpm_constant.inc        ;         ;
; lpm_decode.inc                   ; yes             ; Megafunction           ; c:/altera/13.0sp1/quartus/libraries/megafunctions/lpm_decode.inc          ;         ;
; lpm_add_sub.inc                  ; yes             ; Megafunction           ; c:/altera/13.0sp1/quartus/libraries/megafunctions/lpm_add_sub.inc         ;         ;
; cmpconst.inc                     ; yes             ; Megafunction           ; c:/altera/13.0sp1/quartus/libraries/megafunctions/cmpconst.inc            ;         ;
; lpm_compare.inc                  ; yes             ; Megafunction           ; c:/altera/13.0sp1/quartus/libraries/megafunctions/lpm_compare.inc         ;         ;
; lpm_counter.inc                  ; yes             ; Megafunction           ; c:/altera/13.0sp1/quartus/libraries/megafunctions/lpm_counter.inc         ;         ;
; dffeea.inc                       ; yes             ; Megafunction           ; c:/altera/13.0sp1/quartus/libraries/megafunctions/dffeea.inc              ;         ;
; alt_counter_stratix.inc          ; yes             ; Megafunction           ; c:/altera/13.0sp1/quartus/libraries/megafunctions/alt_counter_stratix.inc ;         ;
; aglobal130.inc                   ; yes             ; Megafunction           ; c:/altera/13.0sp1/quartus/libraries/megafunctions/aglobal130.inc          ;         ;
; p8count.bdf                      ; yes             ; Megafunction           ; c:/altera/13.0sp1/quartus/libraries/others/maxplus2/p8count.bdf           ;         ;
; lpm_add_sub.tdf                  ; yes             ; Megafunction           ; c:/altera/13.0sp1/quartus/libraries/megafunctions/lpm_add_sub.tdf         ;         ;
; addcore.inc                      ; yes             ; Megafunction           ; c:/altera/13.0sp1/quartus/libraries/megafunctions/addcore.inc             ;         ;
; look_add.inc                     ; yes             ; Megafunction           ; c:/altera/13.0sp1/quartus/libraries/megafunctions/look_add.inc            ;         ;
; bypassff.inc                     ; yes             ; Megafunction           ; c:/altera/13.0sp1/quartus/libraries/megafunctions/bypassff.inc            ;         ;
; altshift.inc                     ; yes             ; Megafunction           ; c:/altera/13.0sp1/quartus/libraries/megafunctions/altshift.inc            ;         ;
; alt_stratix_add_sub.inc          ; yes             ; Megafunction           ; c:/altera/13.0sp1/quartus/libraries/megafunctions/alt_stratix_add_sub.inc ;         ;
; addcore.tdf                      ; yes             ; Megafunction           ; c:/altera/13.0sp1/quartus/libraries/megafunctions/addcore.tdf             ;         ;
; a_csnbuffer.inc                  ; yes             ; Megafunction           ; c:/altera/13.0sp1/quartus/libraries/megafunctions/a_csnbuffer.inc         ;         ;
; a_csnbuffer.tdf                  ; yes             ; Megafunction           ; c:/altera/13.0sp1/quartus/libraries/megafunctions/a_csnbuffer.tdf         ;         ;
; look_add.tdf                     ; yes             ; Megafunction           ; c:/altera/13.0sp1/quartus/libraries/megafunctions/look_add.tdf            ;         ;
; altshift.tdf                     ; yes             ; Megafunction           ; c:/altera/13.0sp1/quartus/libraries/megafunctions/altshift.tdf            ;         ;
; lpm_constant.tdf                 ; yes             ; Megafunction           ; c:/altera/13.0sp1/quartus/libraries/megafunctions/lpm_constant.tdf        ;         ;
+----------------------------------+-----------------+------------------------+---------------------------------------------------------------------------+---------+


+---------------------------------------------+
; Analysis & Synthesis Resource Usage Summary ;
+----------------------+----------------------+
; Resource             ; Usage                ;
+----------------------+----------------------+
; Logic cells          ; 127                  ;
; Total registers      ; 112                  ;
; I/O pins             ; 56                   ;
; Shareable expanders  ; 41                   ;
; Parallel expanders   ; 2                    ;
; Maximum fan-out node ; i_clk                ;
; Maximum fan-out      ; 112                  ;
; Total fan-out        ; 1309                 ;
; Average fan-out      ; 5.84                 ;
+----------------------+----------------------+


+--------------------------------------------------------------------------------------------------------------------------+
; Analysis & Synthesis Resource Utilization by Entity                                                                      ;
+----------------------------------+------------+------+----------------------------------------------------+--------------+
; Compilation Hierarchy Node       ; Macrocells ; Pins ; Full Hierarchy Name                                ; Library Name ;
+----------------------------------+------------+------+----------------------------------------------------+--------------+
; |VgaDma                          ; 127        ; 56   ; |VgaDma                                            ; work         ;
;    |lpm_add_sub:Add0|            ; 4          ; 0    ; |VgaDma|lpm_add_sub:Add0                           ; work         ;
;       |addcore:adder[0]|         ; 4          ; 0    ; |VgaDma|lpm_add_sub:Add0|addcore:adder[0]          ; work         ;
;       |addcore:adder[1]|         ; 0          ; 0    ; |VgaDma|lpm_add_sub:Add0|addcore:adder[1]          ; work         ;
;    |lpm_add_sub:Add1|            ; 4          ; 0    ; |VgaDma|lpm_add_sub:Add1                           ; work         ;
;       |addcore:adder[0]|         ; 4          ; 0    ; |VgaDma|lpm_add_sub:Add1|addcore:adder[0]          ; work         ;
;       |addcore:adder[1]|         ; 0          ; 0    ; |VgaDma|lpm_add_sub:Add1|addcore:adder[1]          ; work         ;
;    |lpm_counter:reg_x_cnt_rtl_0| ; 8          ; 0    ; |VgaDma|lpm_counter:reg_x_cnt_rtl_0                ; work         ;
;    |lpm_counter:reg_y_cnt_rtl_0| ; 8          ; 0    ; |VgaDma|lpm_counter:reg_y_cnt_rtl_0                ; work         ;
;       |p8count:p8c[0]|           ; 8          ; 0    ; |VgaDma|lpm_counter:reg_y_cnt_rtl_0|p8count:p8c[0] ; work         ;
+----------------------------------+------------+------+----------------------------------------------------+--------------+


+------------------------------------------------------------------------------+
; Parameter Settings for Inferred Entity Instance: lpm_counter:reg_y_cnt_rtl_0 ;
+------------------------+-------------------+---------------------------------+
; Parameter Name         ; Value             ; Type                            ;
+------------------------+-------------------+---------------------------------+
; AUTO_CARRY_CHAINS      ; ON                ; AUTO_CARRY                      ;
; IGNORE_CARRY_BUFFERS   ; OFF               ; IGNORE_CARRY                    ;
; AUTO_CASCADE_CHAINS    ; ON                ; AUTO_CASCADE                    ;
; IGNORE_CASCADE_BUFFERS ; OFF               ; IGNORE_CASCADE                  ;
; LPM_WIDTH              ; 8                 ; Untyped                         ;
; LPM_DIRECTION          ; DOWN              ; Untyped                         ;
; LPM_MODULUS            ; 0                 ; Untyped                         ;
; LPM_AVALUE             ; UNUSED            ; Untyped                         ;
; LPM_SVALUE             ; UNUSED            ; Untyped                         ;
; LPM_PORT_UPDOWN        ; PORT_CONNECTIVITY ; Untyped                         ;
; DEVICE_FAMILY          ; MAX7000S          ; Untyped                         ;
; CARRY_CHAIN            ; MANUAL            ; Untyped                         ;
; CARRY_CHAIN_LENGTH     ; 48                ; CARRY_CHAIN_LENGTH              ;
; NOT_GATE_PUSH_BACK     ; ON                ; NOT_GATE_PUSH_BACK              ;
; CARRY_CNT_EN           ; SMART             ; Untyped                         ;
; LABWIDE_SCLR           ; ON                ; Untyped                         ;
; USE_NEW_VERSION        ; TRUE              ; Untyped                         ;
; CBXI_PARAMETER         ; NOTHING           ; Untyped                         ;
+------------------------+-------------------+---------------------------------+
Note: In order to hide this table in the UI and the text report file, please set the "Show Parameter Settings in Synthesis Report" option in "Analysis and Synthesis Settings -> More Settings" to "Off".


+------------------------------------------------------------------------------+
; Parameter Settings for Inferred Entity Instance: lpm_counter:reg_x_cnt_rtl_0 ;
+------------------------+-------------------+---------------------------------+
; Parameter Name         ; Value             ; Type                            ;
+------------------------+-------------------+---------------------------------+
; AUTO_CARRY_CHAINS      ; ON                ; AUTO_CARRY                      ;
; IGNORE_CARRY_BUFFERS   ; OFF               ; IGNORE_CARRY                    ;
; AUTO_CASCADE_CHAINS    ; ON                ; AUTO_CASCADE                    ;
; IGNORE_CASCADE_BUFFERS ; OFF               ; IGNORE_CASCADE                  ;
; LPM_WIDTH              ; 8                 ; Untyped                         ;
; LPM_DIRECTION          ; DOWN              ; Untyped                         ;
; LPM_MODULUS            ; 0                 ; Untyped                         ;
; LPM_AVALUE             ; UNUSED            ; Untyped                         ;
; LPM_SVALUE             ; UNUSED            ; Untyped                         ;
; LPM_PORT_UPDOWN        ; PORT_CONNECTIVITY ; Untyped                         ;
; DEVICE_FAMILY          ; MAX7000S          ; Untyped                         ;
; CARRY_CHAIN            ; MANUAL            ; Untyped                         ;
; CARRY_CHAIN_LENGTH     ; 48                ; CARRY_CHAIN_LENGTH              ;
; NOT_GATE_PUSH_BACK     ; ON                ; NOT_GATE_PUSH_BACK              ;
; CARRY_CNT_EN           ; SMART             ; Untyped                         ;
; LABWIDE_SCLR           ; ON                ; Untyped                         ;
; USE_NEW_VERSION        ; TRUE              ; Untyped                         ;
; CBXI_PARAMETER         ; NOTHING           ; Untyped                         ;
+------------------------+-------------------+---------------------------------+
Note: In order to hide this table in the UI and the text report file, please set the "Show Parameter Settings in Synthesis Report" option in "Analysis and Synthesis Settings -> More Settings" to "Off".


+-------------------------------------------------------------------+
; Parameter Settings for Inferred Entity Instance: lpm_add_sub:Add1 ;
+------------------------+-------------+----------------------------+
; Parameter Name         ; Value       ; Type                       ;
+------------------------+-------------+----------------------------+
; LPM_WIDTH              ; 9           ; Untyped                    ;
; LPM_REPRESENTATION     ; UNSIGNED    ; Untyped                    ;
; LPM_DIRECTION          ; ADD         ; Untyped                    ;
; ONE_INPUT_IS_CONSTANT  ; NO          ; Untyped                    ;
; LPM_PIPELINE           ; 0           ; Untyped                    ;
; MAXIMIZE_SPEED         ; 5           ; Untyped                    ;
; REGISTERED_AT_END      ; 0           ; Untyped                    ;
; OPTIMIZE_FOR_SPEED     ; 5           ; Untyped                    ;
; USE_CS_BUFFERS         ; 1           ; Untyped                    ;
; CARRY_CHAIN            ; MANUAL      ; Untyped                    ;
; CARRY_CHAIN_LENGTH     ; 48          ; CARRY_CHAIN_LENGTH         ;
; DEVICE_FAMILY          ; MAX7000S    ; Untyped                    ;
; USE_WYS                ; OFF         ; Untyped                    ;
; STYLE                  ; FAST        ; Untyped                    ;
; CBXI_PARAMETER         ; add_sub_8kh ; Untyped                    ;
; AUTO_CARRY_CHAINS      ; ON          ; AUTO_CARRY                 ;
; IGNORE_CARRY_BUFFERS   ; OFF         ; IGNORE_CARRY               ;
; AUTO_CASCADE_CHAINS    ; ON          ; AUTO_CASCADE               ;
; IGNORE_CASCADE_BUFFERS ; OFF         ; IGNORE_CASCADE             ;
+------------------------+-------------+----------------------------+
Note: In order to hide this table in the UI and the text report file, please set the "Show Parameter Settings in Synthesis Report" option in "Analysis and Synthesis Settings -> More Settings" to "Off".


+-------------------------------------------------------------------+
; Parameter Settings for Inferred Entity Instance: lpm_add_sub:Add0 ;
+------------------------+-------------+----------------------------+
; Parameter Name         ; Value       ; Type                       ;
+------------------------+-------------+----------------------------+
; LPM_WIDTH              ; 9           ; Untyped                    ;
; LPM_REPRESENTATION     ; UNSIGNED    ; Untyped                    ;
; LPM_DIRECTION          ; ADD         ; Untyped                    ;
; ONE_INPUT_IS_CONSTANT  ; NO          ; Untyped                    ;
; LPM_PIPELINE           ; 0           ; Untyped                    ;
; MAXIMIZE_SPEED         ; 5           ; Untyped                    ;
; REGISTERED_AT_END      ; 0           ; Untyped                    ;
; OPTIMIZE_FOR_SPEED     ; 5           ; Untyped                    ;
; USE_CS_BUFFERS         ; 1           ; Untyped                    ;
; CARRY_CHAIN            ; MANUAL      ; Untyped                    ;
; CARRY_CHAIN_LENGTH     ; 48          ; CARRY_CHAIN_LENGTH         ;
; DEVICE_FAMILY          ; MAX7000S    ; Untyped                    ;
; USE_WYS                ; OFF         ; Untyped                    ;
; STYLE                  ; FAST        ; Untyped                    ;
; CBXI_PARAMETER         ; add_sub_8kh ; Untyped                    ;
; AUTO_CARRY_CHAINS      ; ON          ; AUTO_CARRY                 ;
; IGNORE_CARRY_BUFFERS   ; OFF         ; IGNORE_CARRY               ;
; AUTO_CASCADE_CHAINS    ; ON          ; AUTO_CASCADE               ;
; IGNORE_CASCADE_BUFFERS ; OFF         ; IGNORE_CASCADE             ;
+------------------------+-------------+----------------------------+
Note: In order to hide this table in the UI and the text report file, please set the "Show Parameter Settings in Synthesis Report" option in "Analysis and Synthesis Settings -> More Settings" to "Off".


+-------------------------------------------------------------------+
; Parameter Settings for Inferred Entity Instance: lpm_add_sub:Add3 ;
+------------------------+-------------+----------------------------+
; Parameter Name         ; Value       ; Type                       ;
+------------------------+-------------+----------------------------+
; LPM_WIDTH              ; 8           ; Untyped                    ;
; LPM_REPRESENTATION     ; UNSIGNED    ; Untyped                    ;
; LPM_DIRECTION          ; ADD         ; Untyped                    ;
; ONE_INPUT_IS_CONSTANT  ; YES         ; Untyped                    ;
; LPM_PIPELINE           ; 0           ; Untyped                    ;
; MAXIMIZE_SPEED         ; 5           ; Untyped                    ;
; REGISTERED_AT_END      ; 0           ; Untyped                    ;
; OPTIMIZE_FOR_SPEED     ; 5           ; Untyped                    ;
; USE_CS_BUFFERS         ; 1           ; Untyped                    ;
; CARRY_CHAIN            ; MANUAL      ; Untyped                    ;
; CARRY_CHAIN_LENGTH     ; 48          ; CARRY_CHAIN_LENGTH         ;
; DEVICE_FAMILY          ; MAX7000S    ; Untyped                    ;
; USE_WYS                ; OFF         ; Untyped                    ;
; STYLE                  ; FAST        ; Untyped                    ;
; CBXI_PARAMETER         ; add_sub_rnh ; Untyped                    ;
; AUTO_CARRY_CHAINS      ; ON          ; AUTO_CARRY                 ;
; IGNORE_CARRY_BUFFERS   ; OFF         ; IGNORE_CARRY               ;
; AUTO_CASCADE_CHAINS    ; ON          ; AUTO_CASCADE               ;
; IGNORE_CASCADE_BUFFERS ; OFF         ; IGNORE_CASCADE             ;
+------------------------+-------------+----------------------------+
Note: In order to hide this table in the UI and the text report file, please set the "Show Parameter Settings in Synthesis Report" option in "Analysis and Synthesis Settings -> More Settings" to "Off".


+-------------------------------------------------------------------+
; Parameter Settings for Inferred Entity Instance: lpm_add_sub:Add5 ;
+------------------------+-------------+----------------------------+
; Parameter Name         ; Value       ; Type                       ;
+------------------------+-------------+----------------------------+
; LPM_WIDTH              ; 5           ; Untyped                    ;
; LPM_REPRESENTATION     ; UNSIGNED    ; Untyped                    ;
; LPM_DIRECTION          ; ADD         ; Untyped                    ;
; ONE_INPUT_IS_CONSTANT  ; YES         ; Untyped                    ;
; LPM_PIPELINE           ; 0           ; Untyped                    ;
; MAXIMIZE_SPEED         ; 5           ; Untyped                    ;
; REGISTERED_AT_END      ; 0           ; Untyped                    ;
; OPTIMIZE_FOR_SPEED     ; 5           ; Untyped                    ;
; USE_CS_BUFFERS         ; 1           ; Untyped                    ;
; CARRY_CHAIN            ; MANUAL      ; Untyped                    ;
; CARRY_CHAIN_LENGTH     ; 48          ; CARRY_CHAIN_LENGTH         ;
; DEVICE_FAMILY          ; MAX7000S    ; Untyped                    ;
; USE_WYS                ; OFF         ; Untyped                    ;
; STYLE                  ; FAST        ; Untyped                    ;
; CBXI_PARAMETER         ; add_sub_onh ; Untyped                    ;
; AUTO_CARRY_CHAINS      ; ON          ; AUTO_CARRY                 ;
; IGNORE_CARRY_BUFFERS   ; OFF         ; IGNORE_CARRY               ;
; AUTO_CASCADE_CHAINS    ; ON          ; AUTO_CASCADE               ;
; IGNORE_CASCADE_BUFFERS ; OFF         ; IGNORE_CASCADE             ;
+------------------------+-------------+----------------------------+
Note: In order to hide this table in the UI and the text report file, please set the "Show Parameter Settings in Synthesis Report" option in "Analysis and Synthesis Settings -> More Settings" to "Off".


+-------------------------------+
; Analysis & Synthesis Messages ;
+-------------------------------+
Info: *******************************************************************
Info: Running Quartus II 32-bit Analysis & Synthesis
    Info: Version 13.0.1 Build 232 06/12/2013 Service Pack 1 SJ Web Edition
    Info: Processing started: Mon Nov 04 22:12:06 2024
Info: Command: quartus_map --read_settings_files=on --write_settings_files=off VgaDma -c VgaDma
Warning (20028): Parallel compilation is not licensed and has been disabled
Info (12021): Found 1 design units, including 1 entities, in source file vgadma.v
    Info (12023): Found entity 1: VgaDma
Info (12127): Elaborating entity "VgaDma" for the top level hierarchy
Info (19000): Inferred 2 megafunctions from design logic
    Info (19001): Inferred lpm_counter megafunction (LPM_WIDTH=8) from the following logic: "reg_y_cnt_rtl_0"
    Info (19001): Inferred lpm_counter megafunction (LPM_WIDTH=8) from the following logic: "reg_x_cnt_rtl_0"
Info (278001): Inferred 4 megafunctions from design logic
    Info (278002): Inferred adder/subtractor megafunction ("lpm_add_sub") from the following logic: "Add1"
    Info (278002): Inferred adder/subtractor megafunction ("lpm_add_sub") from the following logic: "Add0"
    Info (278002): Inferred adder/subtractor megafunction ("lpm_add_sub") from the following logic: "Add3"
    Info (278002): Inferred adder/subtractor megafunction ("lpm_add_sub") from the following logic: "Add5"
Info (12130): Elaborated megafunction instantiation "lpm_counter:reg_y_cnt_rtl_0"
Info (12133): Instantiated megafunction "lpm_counter:reg_y_cnt_rtl_0" with the following parameter:
    Info (12134): Parameter "LPM_WIDTH" = "8"
    Info (12134): Parameter "LPM_DIRECTION" = "DOWN"
    Info (12134): Parameter "LPM_TYPE" = "LPM_COUNTER"
Info (12131): Elaborated megafunction instantiation "lpm_counter:reg_y_cnt_rtl_0|p8count:p8c[0]", which is child of megafunction instantiation "lpm_counter:reg_y_cnt_rtl_0"
Info (12130): Elaborated megafunction instantiation "lpm_counter:reg_x_cnt_rtl_0"
Info (12133): Instantiated megafunction "lpm_counter:reg_x_cnt_rtl_0" with the following parameter:
    Info (12134): Parameter "LPM_WIDTH" = "8"
    Info (12134): Parameter "LPM_DIRECTION" = "DOWN"
    Info (12134): Parameter "LPM_TYPE" = "LPM_COUNTER"
Info (12131): Elaborated megafunction instantiation "lpm_counter:reg_x_cnt_rtl_0|lpm_add_sub:add_sub", which is child of megafunction instantiation "lpm_counter:reg_x_cnt_rtl_0"
Info (12131): Elaborated megafunction instantiation "lpm_counter:reg_x_cnt_rtl_0|lpm_add_sub:add_sub|addcore:adder[0]", which is child of megafunction instantiation "lpm_counter:reg_x_cnt_rtl_0"
Info (12131): Elaborated megafunction instantiation "lpm_counter:reg_x_cnt_rtl_0|lpm_add_sub:add_sub|addcore:adder[0]|a_csnbuffer:oflow_node", which is child of megafunction instantiation "lpm_counter:reg_x_cnt_rtl_0"
Info (12131): Elaborated megafunction instantiation "lpm_counter:reg_x_cnt_rtl_0|lpm_add_sub:add_sub|addcore:adder[0]|a_csnbuffer:result_node", which is child of megafunction instantiation "lpm_counter:reg_x_cnt_rtl_0"
Info (12131): Elaborated megafunction instantiation "lpm_counter:reg_x_cnt_rtl_0|lpm_add_sub:add_sub|look_add:look_ahead_unit", which is child of megafunction instantiation "lpm_counter:reg_x_cnt_rtl_0"
Info (12131): Elaborated megafunction instantiation "lpm_counter:reg_x_cnt_rtl_0|lpm_add_sub:add_sub|altshift:result_ext_latency_ffs", which is child of megafunction instantiation "lpm_counter:reg_x_cnt_rtl_0"
Info (12131): Elaborated megafunction instantiation "lpm_counter:reg_x_cnt_rtl_0|lpm_add_sub:add_sub|altshift:carry_ext_latency_ffs", which is child of megafunction instantiation "lpm_counter:reg_x_cnt_rtl_0"
Info (12131): Elaborated megafunction instantiation "lpm_counter:reg_x_cnt_rtl_0|lpm_constant:scdw", which is child of megafunction instantiation "lpm_counter:reg_x_cnt_rtl_0"
Info (12130): Elaborated megafunction instantiation "lpm_add_sub:Add1"
Info (12133): Instantiated megafunction "lpm_add_sub:Add1" with the following parameter:
    Info (12134): Parameter "LPM_WIDTH" = "9"
    Info (12134): Parameter "LPM_DIRECTION" = "ADD"
    Info (12134): Parameter "LPM_REPRESENTATION" = "UNSIGNED"
    Info (12134): Parameter "ONE_INPUT_IS_CONSTANT" = "NO"
Info (12131): Elaborated megafunction instantiation "lpm_add_sub:Add1|addcore:adder[1]", which is child of megafunction instantiation "lpm_add_sub:Add1"
Info (12131): Elaborated megafunction instantiation "lpm_add_sub:Add1|addcore:adder[0]", which is child of megafunction instantiation "lpm_add_sub:Add1"
Info (12131): Elaborated megafunction instantiation "lpm_add_sub:Add1|look_add:look_ahead_unit", which is child of megafunction instantiation "lpm_add_sub:Add1"
Info (12131): Elaborated megafunction instantiation "lpm_add_sub:Add1|altshift:result_ext_latency_ffs", which is child of megafunction instantiation "lpm_add_sub:Add1"
Info (12130): Elaborated megafunction instantiation "lpm_add_sub:Add3"
Info (12133): Instantiated megafunction "lpm_add_sub:Add3" with the following parameter:
    Info (12134): Parameter "LPM_WIDTH" = "8"
    Info (12134): Parameter "LPM_DIRECTION" = "ADD"
    Info (12134): Parameter "LPM_REPRESENTATION" = "UNSIGNED"
    Info (12134): Parameter "ONE_INPUT_IS_CONSTANT" = "YES"
Info (12131): Elaborated megafunction instantiation "lpm_add_sub:Add3|look_add:look_ahead_unit", which is child of megafunction instantiation "lpm_add_sub:Add3"
Info (12130): Elaborated megafunction instantiation "lpm_add_sub:Add5"
Info (12133): Instantiated megafunction "lpm_add_sub:Add5" with the following parameter:
    Info (12134): Parameter "LPM_WIDTH" = "5"
    Info (12134): Parameter "LPM_DIRECTION" = "ADD"
    Info (12134): Parameter "LPM_REPRESENTATION" = "UNSIGNED"
    Info (12134): Parameter "ONE_INPUT_IS_CONSTANT" = "YES"
Info (12131): Elaborated megafunction instantiation "lpm_add_sub:Add5|addcore:adder", which is child of megafunction instantiation "lpm_add_sub:Add5"
Info (12131): Elaborated megafunction instantiation "lpm_add_sub:Add5|addcore:adder|a_csnbuffer:oflow_node", which is child of megafunction instantiation "lpm_add_sub:Add5"
Info (12131): Elaborated megafunction instantiation "lpm_add_sub:Add5|addcore:adder|a_csnbuffer:result_node", which is child of megafunction instantiation "lpm_add_sub:Add5"
Info (12131): Elaborated megafunction instantiation "lpm_add_sub:Add5|addcore:adder|addcore:adder[0]", which is child of megafunction instantiation "lpm_add_sub:Add5"
Info (12131): Elaborated megafunction instantiation "lpm_add_sub:Add5|altshift:result_ext_latency_ffs", which is child of megafunction instantiation "lpm_add_sub:Add5"
Info (13014): Ignored 39 buffer(s)
    Info (13019): Ignored 39 SOFT buffer(s)
Info (280013): Promoted pin-driven signal(s) to global signal
    Info (280014): Promoted clock signal driven by pin "i_clk" to global clock signal
Info (280013): Promoted pin-driven signal(s) to global signal
    Info (280014): Promoted clock signal driven by pin "i_clk" to global clock signal
Info (21057): Implemented 224 device resources after synthesis - the final resource count might be different
    Info (21058): Implemented 13 input pins
    Info (21059): Implemented 29 output pins
    Info (21060): Implemented 14 bidirectional pins
    Info (21063): Implemented 127 macrocells
    Info (21073): Implemented 41 shareable expanders
Info (144001): Generated suppressed messages file Z:/quartus/VgaDma/output_files/VgaDma.map.smsg
Info: Quartus II 32-bit Analysis & Synthesis was successful. 0 errors, 1 warning
    Info: Peak virtual memory: 306 megabytes
    Info: Processing ended: Mon Nov 04 22:12:13 2024
    Info: Elapsed time: 00:00:07
    Info: Total CPU time (on all processors): 00:00:06


+------------------------------------------+
; Analysis & Synthesis Suppressed Messages ;
+------------------------------------------+
The suppressed messages can be found in Z:/quartus/VgaDma/output_files/VgaDma.map.smsg.


